20180619 140707 - INFO - Start logging of C:/code/course-catalog/course-catalog-analysis.py
20180619 140707 - INFO - Current git commit: f5d8906bfc0acc825548eddb9299a211f6b43815
20180619 140707 - DEBUG - declare 'renderer' plugin manager
20180619 140707 - DEBUG - declare 'parser' plugin manager
20180619 140707 - DEBUG - declare 'pyexcel-io reader' plugin manager
20180619 140707 - DEBUG - declare 'pyexcel-io writer' plugin manager
20180619 140707 - DEBUG - scanning for plugins...
20180619 140707 - DEBUG - ignored pyexcel_io
20180619 140707 - DEBUG - add pyexcel_xls.xlsr.XLSBook as 'pyexcel-io reader' plugin
20180619 140707 - DEBUG - load pyexcel_xls.xlsr.XLSBook later
20180619 140707 - DEBUG - add pyexcel_xls.xlsw.XLSWriter as 'pyexcel-io writer' plugin
20180619 140707 - DEBUG - load pyexcel_xls.xlsw.XLSWriter later
20180619 140707 - DEBUG - found pyexcel_xls
20180619 140707 - DEBUG - add pyexcel_xlsx.xlsxr.XLSXBook as 'pyexcel-io reader' plugin
20180619 140707 - DEBUG - load pyexcel_xlsx.xlsxr.XLSXBook later
20180619 140707 - DEBUG - add pyexcel_xlsx.xlsxw.XLSXWriter as 'pyexcel-io writer' plugin
20180619 140707 - DEBUG - load pyexcel_xlsx.xlsxw.XLSXWriter later
20180619 140707 - DEBUG - found pyexcel_xlsx
20180619 140707 - DEBUG - add pyexcel_io.readers.csvr.CSVBookReader as 'pyexcel-io reader' plugin
20180619 140707 - DEBUG - load pyexcel_io.readers.csvr.CSVBookReader later
20180619 140707 - DEBUG - add pyexcel_io.readers.tsv.TSVBookReader as 'pyexcel-io reader' plugin
20180619 140707 - DEBUG - load pyexcel_io.readers.tsv.TSVBookReader later
20180619 140707 - DEBUG - add pyexcel_io.readers.csvz.CSVZipBookReader as 'pyexcel-io reader' plugin
20180619 140707 - DEBUG - load pyexcel_io.readers.csvz.CSVZipBookReader later
20180619 140707 - DEBUG - add pyexcel_io.readers.tsvz.TSVZipBookReader as 'pyexcel-io reader' plugin
20180619 140707 - DEBUG - load pyexcel_io.readers.tsvz.TSVZipBookReader later
20180619 140707 - DEBUG - found pyexcel_io.readers
20180619 140707 - DEBUG - add pyexcel_io.writers.csvw.CSVBookWriter as 'pyexcel-io writer' plugin
20180619 140707 - DEBUG - load pyexcel_io.writers.csvw.CSVBookWriter later
20180619 140707 - DEBUG - add pyexcel_io.writers.tsv.TSVBookWriter as 'pyexcel-io writer' plugin
20180619 140707 - DEBUG - load pyexcel_io.writers.tsv.TSVBookWriter later
20180619 140707 - DEBUG - add pyexcel_io.writers.csvz.CSVZipBookWriter as 'pyexcel-io writer' plugin
20180619 140707 - DEBUG - load pyexcel_io.writers.csvz.CSVZipBookWriter later
20180619 140707 - DEBUG - add pyexcel_io.writers.tsvz.TSVZipBookWriter as 'pyexcel-io writer' plugin
20180619 140707 - DEBUG - load pyexcel_io.writers.tsvz.TSVZipBookWriter later
20180619 140707 - DEBUG - found pyexcel_io.writers
20180619 140707 - DEBUG - add pyexcel_io.database.exporters.django.DjangoBookReader as 'pyexcel-io reader' plugin
20180619 140707 - DEBUG - load pyexcel_io.database.exporters.django.DjangoBookReader later
20180619 140707 - DEBUG - add pyexcel_io.database.exporters.sqlalchemy.SQLBookReader as 'pyexcel-io reader' plugin
20180619 140707 - DEBUG - load pyexcel_io.database.exporters.sqlalchemy.SQLBookReader later
20180619 140707 - DEBUG - add pyexcel_io.database.importers.django.DjangoBookWriter as 'pyexcel-io writer' plugin
20180619 140707 - DEBUG - load pyexcel_io.database.importers.django.DjangoBookWriter later
20180619 140707 - DEBUG - add pyexcel_io.database.importers.sqlalchemy.SQLBookWriter as 'pyexcel-io writer' plugin
20180619 140707 - DEBUG - load pyexcel_io.database.importers.sqlalchemy.SQLBookWriter later
20180619 140707 - DEBUG - found pyexcel_io.database
20180619 140707 - DEBUG - scanning done
20180619 140707 - DEBUG - declare 'source' plugin manager
20180619 140707 - DEBUG - scanning for plugins...
20180619 140707 - DEBUG - ignored pyexcel_io
20180619 140707 - DEBUG - ignored pyexcel_xls
20180619 140707 - DEBUG - ignored pyexcel_xlsx
20180619 140707 - DEBUG - add pyexcel.plugins.parsers.excel.ExcelParser as 'parser' plugin
20180619 140707 - DEBUG - load pyexcel.plugins.parsers.excel.ExcelParser later
20180619 140707 - DEBUG - add pyexcel.plugins.parsers.sqlalchemy.SQLAlchemyExporter as 'parser' plugin
20180619 140707 - DEBUG - load pyexcel.plugins.parsers.sqlalchemy.SQLAlchemyExporter later
20180619 140707 - DEBUG - add pyexcel.plugins.parsers.django.DjangoExporter as 'parser' plugin
20180619 140707 - DEBUG - load pyexcel.plugins.parsers.django.DjangoExporter later
20180619 140707 - DEBUG - found pyexcel.plugins.parsers
20180619 140707 - DEBUG - add pyexcel.plugins.renderers.sqlalchemy.SQLAlchemyRenderer as 'renderer' plugin
20180619 140707 - DEBUG - load pyexcel.plugins.renderers.sqlalchemy.SQLAlchemyRenderer later
20180619 140707 - DEBUG - add pyexcel.plugins.renderers.django.DjangoRenderer as 'renderer' plugin
20180619 140707 - DEBUG - load pyexcel.plugins.renderers.django.DjangoRenderer later
20180619 140707 - DEBUG - add pyexcel.plugins.renderers.excel.ExcelRenderer as 'renderer' plugin
20180619 140707 - DEBUG - load pyexcel.plugins.renderers.excel.ExcelRenderer later
20180619 140707 - DEBUG - add pyexcel.plugins.renderers._texttable.TextTableRenderer as 'renderer' plugin
20180619 140707 - DEBUG - load pyexcel.plugins.renderers._texttable.TextTableRenderer later
20180619 140707 - DEBUG - found pyexcel.plugins.renderers
20180619 140707 - DEBUG - add pyexcel.plugins.sources.http.HttpSource as 'source' plugin
20180619 140707 - DEBUG - load pyexcel.plugins.sources.http.HttpSource later
20180619 140707 - DEBUG - Instance attribute: url , url , 
20180619 140707 - DEBUG - Source registry: 
20180619 140707 - DEBUG - add pyexcel.plugins.sources.file_input.ReadExcelFromFile as 'source' plugin
20180619 140707 - DEBUG - load pyexcel.plugins.sources.file_input.ReadExcelFromFile later
20180619 140707 - DEBUG - add pyexcel.plugins.sources.memory_input.ReadExcelFileMemory as 'source' plugin
20180619 140707 - DEBUG - load pyexcel.plugins.sources.memory_input.ReadExcelFileMemory later
20180619 140707 - DEBUG - Instance attribute: tsv csvz csv xlsm tsvz xls xlsx ods , tsv csvz csv xlsm tsvz xls xlsx ods , 
20180619 140707 - DEBUG - Source registry: 
20180619 140707 - DEBUG - add pyexcel.plugins.sources.file_output.WriteSheetToFile as 'source' plugin
20180619 140707 - DEBUG - load pyexcel.plugins.sources.file_output.WriteSheetToFile later
20180619 140707 - DEBUG - add pyexcel.plugins.sources.file_output.WriteBookToFile as 'source' plugin
20180619 140707 - DEBUG - load pyexcel.plugins.sources.file_output.WriteBookToFile later
20180619 140707 - DEBUG - add pyexcel.plugins.sources.output_to_memory.WriteSheetToMemory as 'source' plugin
20180619 140707 - DEBUG - load pyexcel.plugins.sources.output_to_memory.WriteSheetToMemory later
20180619 140707 - DEBUG - Instance attribute: tsv csvz csv xlsm tsvz xls xlsx ods texttable , 
20180619 140707 - DEBUG - Source registry: 
20180619 140707 - DEBUG - add pyexcel.plugins.sources.output_to_memory.WriteBookToMemory as 'source' plugin
20180619 140707 - DEBUG - load pyexcel.plugins.sources.output_to_memory.WriteBookToMemory later
20180619 140707 - DEBUG - Instance attribute: tsv csvz csv xlsm tsvz xls xlsx ods texttable , 
20180619 140707 - DEBUG - Source registry: 
20180619 140707 - DEBUG - add pyexcel.plugins.sources.pydata.bookdict.BookDictSource as 'source' plugin
20180619 140707 - DEBUG - load pyexcel.plugins.sources.pydata.bookdict.BookDictSource later
20180619 140707 - DEBUG - Instance attribute: bookdict , bookdict , bookdict , bookdict , 
20180619 140707 - DEBUG - Source registry: 
20180619 140707 - DEBUG - add pyexcel.plugins.sources.pydata.dictsource.DictSource as 'source' plugin
20180619 140707 - DEBUG - load pyexcel.plugins.sources.pydata.dictsource.DictSource later
20180619 140707 - DEBUG - Instance attribute: dict , dict , dict , dict , 
20180619 140707 - DEBUG - Source registry: 
20180619 140707 - DEBUG - add pyexcel.plugins.sources.pydata.arraysource.ArraySource as 'source' plugin
20180619 140707 - DEBUG - load pyexcel.plugins.sources.pydata.arraysource.ArraySource later
20180619 140707 - DEBUG - Instance attribute: array , array , array , array , 
20180619 140707 - DEBUG - Source registry: 
20180619 140707 - DEBUG - add pyexcel.plugins.sources.pydata.records.RecordsSource as 'source' plugin
20180619 140707 - DEBUG - load pyexcel.plugins.sources.pydata.records.RecordsSource later
20180619 140707 - DEBUG - Instance attribute: records , records , records , records , 
20180619 140707 - DEBUG - Source registry: 
20180619 140707 - DEBUG - add pyexcel.plugins.sources.django.SheetDjangoSource as 'source' plugin
20180619 140707 - DEBUG - load pyexcel.plugins.sources.django.SheetDjangoSource later
20180619 140707 - DEBUG - add pyexcel.plugins.sources.django.BookDjangoSource as 'source' plugin
20180619 140707 - DEBUG - load pyexcel.plugins.sources.django.BookDjangoSource later
20180619 140707 - DEBUG - add pyexcel.plugins.sources.sqlalchemy.SheetSQLAlchemySource as 'source' plugin
20180619 140707 - DEBUG - load pyexcel.plugins.sources.sqlalchemy.SheetSQLAlchemySource later
20180619 140707 - DEBUG - add pyexcel.plugins.sources.sqlalchemy.BookSQLSource as 'source' plugin
20180619 140707 - DEBUG - load pyexcel.plugins.sources.sqlalchemy.BookSQLSource later
20180619 140707 - DEBUG - add pyexcel.plugins.sources.querysets.SheetQuerySetSource as 'source' plugin
20180619 140707 - DEBUG - load pyexcel.plugins.sources.querysets.SheetQuerySetSource later
20180619 140707 - DEBUG - found pyexcel.plugins.sources
20180619 140707 - DEBUG - scanning done
20180619 140707 - DEBUG - load me now:sheet-read
20180619 140707 - DEBUG - import pyexcel.plugins.sources.file_input.ReadExcelFromFile
20180619 140707 - DEBUG - import pyexcel.plugins.parsers.excel.ExcelParser
20180619 140707 - DEBUG - load <class 'pyexcel.plugins.parsers.excel.ExcelParser'> now for 'xls'
20180619 140707 - DEBUG - import pyexcel_xls.xlsr.XLSBook
20180619 140707 - DEBUG - load <class 'pyexcel_xls.xlsr.XLSBook'> now for 'xls'
